---- Iteration 0 ----
cur chal: b'\x00\x00\x00\x00\x00\x00\x00\x00\x00\x00\x00\x00\x00\x00\x00\x00\x00\x00\x00\x00\x00\x00\x00\x00\x00\x00\x00\x00\x00\x00\x00\x00'

---- (3) Reading ACFA Report from Prv ----
prv_mac: b'\x11c>\xa3\t\xb6d7\x7f\x13+os\x90\xdfy}\xfd\xad\xe6\xa9\x97\xf42l\\\xeb\xaa\x03\x13\xcdd' (<class 'bytes'>)
prv_meta: b'\x00\x00\x00\x00\x02\x00' (<class 'bytes'>)
metadata: [b'\x00', b'\x00', b'\x00', b'\x00', b'\x02', b'\x00']
prv_log_ptr: 2 (<class 'int'>)
prv_cflog: b'@\xe0\x00\xa0' (<class 'bytes'>)
4
4
----- parsing message: create 0.cflog -----
4
2
e040:a000

---- (4) Verify ACFA Report ----
-- Comparing MACs
-- hmac(k,
--      pmem,
--      chal,
--      metadata,
--      cflog
--      )
Expected MAC: b'\xcf\x961Z\x91\xa1\xd1\xa0+\x19\x1d\xf1s\xa3\x9e\x19e\xab`\t\x1e\x11"\x1cY\x1b\x88D\xe7\xc3\x96L'
mac   prv_mac
b'\xcf'   b'\x11'
b'\x96'   b'c'
b'1'   b'>'
b'Z'   b'\xa3'
b'\x91'   b'\t'
b'\xa1'   b'\xb6'
b'\xd1'   b'd'
b'\xa0'   b'7'
b'+'   b'\x7f'
b'\x19'   b'\x13'
b'\x1d'   b'+'
b'\xf1'   b'o'
b's'   b's'
b'\xa3'   b'\x90'
b'\x9e'   b'\xdf'
b'\x19'   b'y'
b'e'   b'}'
b'\xab'   b'\xfd'
b'`'   b'\xad'
b'\t'   b'\xe6'
b'\x1e'   b'\xa9'
b'\x11'   b'\x97'
b'"'   b'\xf4'
b'\x1c'   b'2'
b'Y'   b'l'
b'\x1b'   b'\\'
b'\x88'   b'\xeb'
b'D'   b'\xaa'
b'\xe7'   b'\x03'
b'\xc3'   b'\x13'
b'\x96'   b'\xcd'
b'L'   b'd'
False at i=0
mac[i]=207
prv_mac[i]=17
Failed Verification (app=0)
---- (5) Generate Chal' and Auth ----

---- (6) Send ACFA response ----
echo (app): b'\x00'
new_chal: b'ABCDEFGHIJKLMNOPQRSTUVWXYZ[\\]^_`'
echo (prv_chal): 
b'ABCDEFGHIJKLMNOPQRSTUVWXYZ[\\]^_`' (<class 'bytes'>)
echo (aermin): b'\xe0\x00' (<class 'bytes'>)
expected (aermin) b'\xe0\x00'

echo (aermax): b'\xe2F' (<class 'bytes'>)
expected (aermax) b'\xe2F'

auth: b'^\x1f\x8b\xa8\xe7\xb2y\x14\x10\x0b\\OW\xd0\xd4\x87e%\x97-\xea\x13\x145o\xbdt6\xce\x92\x04\x05'
echo (auth): b'^\x1f\x8b\xa8\xe7\xb2y\x14\x10\x0b\\OW\xd0\xd4\x87e%\x97-\xea\x13\x145o\xbdt6\xce\x92\x04\x05' (<class 'bytes'>)
expected (auth) b'^\x1f\x8b\xa8\xe7\xb2y\x14\x10\x0b\\OW\xd0\xd4\x87e%\x97-\xea\x13\x145o\xbdt6\xce\x92\x04\x05'

prv auth: 
b'^\x1f\x8b\xa8\xe7\xb2y\x14\x10\x0b\\OW\xd0\xd4\x87e%\x97-\xea\x13\x145o\xbdt6\xce\x92\x04\x05' (<class 'bytes'>)
Prv ACCEPTS response from Vrf
out: b'\x01'
------------------- ROUND TIMING (S) ---------------------------
Steps 1-3:	Receive initial response (P --> V): 0.04703640000661835
   Step 4:	Vrf runs verification: 0.006303299975115806
		--Parse & verify CF-Log: 0.006029099982697517
		--Verify hmac: 0.0002741999924182892
   Step 5:	Vrf Generate & response : 4.880002234131098e-05
   Step 6:	Vrf Send response (V --> P): 0.2007547999965027
Steps 7-9:	Prv authenticate and decide next action: 0.09594299999298528
Elapsed time: 0.25414330000057817
last=False
----------------------------------------------------------------
 
--------------------------------------------------
Average Protocol Run Time (1 reports)
Round | Steps 1-3 | Step 4 | Step 5 | Step 6 | Step 7-9
0   0.04703640000661835   0.006303299975115806   4.880002234131098e-05   0.2007547999965027   0.09594299999298528   
--------------------------------------------------
 
